  Resolution      |CTFsim|    EPA( Ln|F| )    EPA(Ln|F| - Bg)    CCC
   49.104652      0.328973     11.150258       0.156196       1.000000 
   47.988636      0.339394     11.156388       0.162442       1.000000 
   46.922222      0.350012     11.150131       0.156320       1.000000 
   45.902172      0.360821     11.143682       0.149982       1.000000 
   44.925533      0.371818     11.147100       0.153344       1.000000 
   43.989582      0.382998     11.138735       0.145123       1.000000 
   43.091835      0.394355     11.138555       0.144984       1.000000 
   42.230000      0.405884     11.135838       0.142404       1.000000 
   41.401962      0.417580     11.132928       0.139530       1.000000 
   40.605770      0.429436     11.134234       0.140950       1.000000 
   39.839622      0.441446     11.131516       0.138327       1.000000 
   39.101852      0.453604     11.131077       0.137998       1.000000 
   38.390907      0.465902     11.128372       0.135292       1.000000 
   37.705357      0.478334     11.126992       0.134079       1.000000 
   37.043861      0.490891     11.126618       0.133747       1.000000 
   36.405174      0.503567     11.126863       0.134107       1.000000 
   35.788136      0.516353     11.127498       0.134871       1.000000 
   35.191666      0.529239     11.127916       0.135389       1.000000 
   34.614754      0.542218     11.128371       0.135936       1.000000 
   34.056450      0.555280     11.128868       0.136498       1.000000 
   33.515873      0.568415     11.129377       0.137069       1.000000 
   32.992188      0.581612     11.130007       0.137850       1.000000 
   32.484615      0.594862     11.130468       0.138390       1.000000 
   31.992424      0.608154     11.130900       0.138940       1.000000 
   31.514925      0.621476     11.131314       0.139470       1.000000 
   31.051470      0.634816     11.131686       0.139978       1.000000 
   30.601450      0.648163     11.132207       0.140644       1.000000 
   30.164286      0.661503     11.132488       0.141083       1.000000 
   29.739437      0.674825     11.132820       0.141504       1.000000 
   29.326389      0.688113     11.133147       0.141883       1.000000 
   28.924658      0.701356     11.133451       0.142232       1.000000 
   28.533783      0.714538     11.133523       0.142528       1.000000 
   28.153334      0.727645     11.133818       0.142922       1.000000 
   27.782894      0.740661     11.133829       0.143108       1.000000 
   27.422077      0.753572     11.133881       0.143244       1.000000 
   27.070513      0.766361     11.133910       0.143316       1.000000 
   26.727848      0.779012     11.133624       0.143335       1.000000 
   26.393749      0.791508     11.133579       0.143406       1.000000 
   26.067902      0.803833     11.133279       0.143277       1.000000 
   25.750000      0.815967     11.132965       0.143094       1.000000 
   25.439758      0.827895     11.132527       0.142831       1.000000 
   25.136906      0.839597     11.132090       0.142486       1.000000 
   24.841177      0.851054     11.131674       0.142185       1.000000 
   24.552326      0.862248     11.130940       0.141672       1.000000 
   24.270115      0.873159     11.130177       0.141095       1.000000 
   23.994318      0.883768     11.129347       0.140427       1.000000 
   23.724720      0.894054     11.128407       0.139687       1.000000 
   23.461111      0.903997     11.127365       0.138860       1.000000 
   23.203297      0.913577     11.126377       0.138031       1.000000 
   22.951086      0.922772     11.125154       0.137023       1.000000 
   22.704302      0.931562     11.123871       0.135915       1.000000 
   22.462767      0.939925     11.122465       0.134735       1.000000 
   22.226316      0.947839     11.120974       0.133444       1.000000 
   21.994791      0.955283     11.119447       0.132159       1.000000 
   21.768042      0.962235     11.117767       0.130690       0.988421 
   21.545918      0.968673     11.115971       0.129121       0.974838 
   21.328283      0.974575     11.114087       0.127456       0.959185 
   21.115000      0.979919     11.112253       0.125682       0.941471 
   20.905941      0.984683     11.110234       0.123919       0.921826 
   20.700981      0.988845     11.108113       0.121959       0.900488 
   20.500000      0.992382     11.105703       0.119894       0.877807 
   20.302885      0.995274     11.103360       0.117727       0.854256 
   20.109524      0.997497     11.100911       0.115460       0.830361 
   19.919811      0.999032     11.098341       0.113197       0.806695 
   19.733644      0.999855     11.095687       0.110717       0.783819 
   19.550926      0.999947     11.092805       0.108143       0.762255 
   19.371559      0.999287     11.089973       0.105467       0.742708 
   19.195454      0.997854     11.086946       0.102707       0.725305 
   19.022522      0.995629     11.083797       0.099868       0.710262 
   18.852678      0.992592     11.080677       0.096993       0.697657 
   18.685841      0.988724     11.077329       0.093954       0.687444 
   18.521931      0.984008     11.073959       0.090818       0.679465 
   18.360870      0.978425     11.070509       0.087620       0.673477 
   18.202587      0.971959     11.066879       0.084330       0.669176 
   18.047009      0.964594     11.063303       0.081046       0.673616 
   17.894068      0.956315     11.059518       0.077597       0.677413 
   17.743698      0.947107     11.055723       0.074076       0.680382 
   17.595833      0.936958     11.051918       0.070522       0.682595 
   17.450413      0.925855     11.047969       0.066888       0.684119 
   17.307377      0.913787     11.044103       0.063290       0.685026 
   17.166666      0.900744     11.040072       0.059547       0.685388 
   17.028225      0.886717     11.035994       0.055778       0.685257 
   16.892000      0.871700     11.031772       0.051981       0.684698 
   16.757936      0.855686     11.027770       0.048159       0.683766 
   16.625984      0.838671     11.023614       0.044311       0.682522 
   16.496094      0.820651     11.019558       0.040520       0.681160 
   16.368217      0.801626     11.015392       0.036654       0.679443 
   16.242308      0.781596     11.011183       0.032784       0.677620 
   16.118320      0.760562     11.007202       0.028934       0.675727 
   15.996212      0.738529     11.003068       0.025090       0.673797 
   15.875940      0.715502     10.999033       0.021342       0.671862 
   15.757463      0.691489     10.994766       0.017529       0.669953 
   15.640740      0.666499     10.990786       0.013787       0.668099 
   15.525735      0.640545     10.986729       0.010079       0.666326 
   15.412409      0.613639     10.982627       0.006438       0.664738 
   15.300725      0.585798     10.978766       0.002931       0.663093 
   15.190647      0.557040     10.975090      -0.000567       0.661640 
   15.082143      0.527384     10.971321      -0.003965       0.660388 
   14.975178      0.496855     10.967683      -0.007279       0.659346 
   14.869719      0.465476     10.964166      -0.010464       0.658518 
   14.765735      0.433274     10.960685      -0.013534       0.657908 
   14.663195      0.400280     10.957431      -0.016421       0.657521 
   14.562069      0.366527     10.954288      -0.019217       0.657359 
   14.462329      0.332047     10.951379      -0.021875       0.657420 
   14.363946      0.296880     10.948460      -0.024352       0.657701 
   14.266891      0.261063     10.945918      -0.026669       0.658110 
   14.171141      0.224639     10.943428      -0.028755       0.658762 
   14.076667      0.187654     10.941096      -0.030709       0.659649 
   13.983443      0.150153     10.938946      -0.032479       0.660761 
   13.891447      0.112187     10.937078      -0.034029       0.662088 
   13.800653      0.073807     10.935451      -0.035398       0.663613 
   13.711039      0.035067     10.933941      -0.036515       0.665318 
   13.622581      0.003975     10.932693      -0.037465       0.667180 
   13.535256      0.043260     10.931489      -0.038217       0.669074 
   13.449044      0.082726     10.930535      -0.038742       0.671026 
   13.363924      0.122311     10.929983      -0.039069       0.673098 
   13.279874      0.161950     10.929635      -0.039153       0.675267 
   13.196875      0.201572     10.929364      -0.039067       0.677507 
   13.114907      0.241108     10.929062      -0.038799       0.679789 
   13.033951      0.280488     10.929218      -0.038328       0.682079 
   12.953988      0.319637     10.929557      -0.037691       0.684345 
   12.875000      0.358480     10.930075      -0.036861       0.686550 
   12.796969      0.396941     10.930612      -0.035861       0.688663 
   12.719879      0.434941     10.931392      -0.034719       0.690658 
   12.643713      0.472400     10.932265      -0.033445       0.692510 
   12.568453      0.509240     10.933366      -0.032044       0.694193 
   12.494082      0.545377     10.934566      -0.030519       0.695694 
   12.420588      0.580730     10.935718      -0.028877       0.697007 
   12.347953      0.615216     10.937023      -0.027163       0.698143 
   12.276163      0.648752     10.938513      -0.025402       0.699128 
   12.205202      0.681255     10.939903      -0.023579       0.700007 
   12.135057      0.712641     10.941449      -0.021730       0.700844 
   12.065714      0.742828     10.942912      -0.019818       0.701802 
   11.997159      0.771733     10.944588      -0.017946       0.702971 
   11.929379      0.799274     10.946104      -0.016096       0.704365 
   11.862360      0.825372     10.947570      -0.014274       0.706104 
   11.796089      0.849945     10.948936      -0.012524       0.708313 
   11.730556      0.872918     10.950291      -0.010818       0.711118 
   11.665746      0.894212     10.951632      -0.009159       0.714638 
   11.601648      0.913756     10.952837      -0.007638       0.718968 
   11.538251      0.931475     10.953732      -0.006248       0.724181 
   11.475543      0.947303     10.954613      -0.004982       0.730683 
   11.413513      0.961171     10.955387      -0.003859       0.738164 
   11.352151      0.973019     10.956085      -0.002806       0.746587 
   11.291444      0.982785     10.956646      -0.001973       0.755884 
   11.231383      0.990415     10.956949      -0.001318       0.765951 
   11.171958      0.995856     10.957173      -0.000839       0.776654 
   11.113158      0.999062     10.956980      -0.000545       0.787835 
   11.054974      0.999989     10.956784      -0.000340       0.799320 
   10.997396      0.998601     10.956468      -0.000421       0.810920 
   10.940414      0.994864     10.955828      -0.000682       0.822473 
   10.884021      0.988752     10.954983      -0.001125       0.833780 
   10.828205      0.980243     10.953869      -0.001747       0.844622 
   10.772959      0.969322     10.952867      -0.002466       0.854922 
   10.718274      0.955980     10.951561      -0.003468       0.864559 
   10.664142      0.940215     10.950003      -0.004655       0.873447 
   10.610553      0.922030     10.948294      -0.006018       0.881537 
   10.557500      0.901437     10.946590      -0.007545       0.888825 
   10.504975      0.878454     10.944473      -0.009229       0.895354 
   10.452971      0.853105     10.942406      -0.010989       0.901206 
   10.401478      0.825425     10.939975      -0.012979       0.906523 
   10.350491      0.795453     10.937561      -0.015101       0.911053 
   10.300000      0.763238     10.934994      -0.017340       0.915178 
   10.250000      0.728834     10.932350      -0.019663       0.918965 
   10.200483      0.692305     10.929484      -0.022006       0.922467 
   10.151443      0.653723     10.926805      -0.024460       0.925721 
   10.102871      0.613168     10.923838      -0.026945       0.928745 
   10.054762      0.570726     10.921041      -0.029424       0.931585 
   10.007109      0.526491     10.918268      -0.031864       0.934271 
    9.959906      0.480567     10.915627      -0.034219       0.936784 
    9.913145      0.433063     10.913072      -0.036502       0.939136 
    9.866822      0.384098     10.910656      -0.038671       0.941337 
    9.820930      0.333796     10.908284      -0.040662       0.943368 
    9.775463      0.282289     10.906185      -0.042473       0.945206 
    9.730414      0.229717     10.904302      -0.044055       0.946822 
    9.685780      0.176222     10.902700      -0.045387       0.948188 
    9.641553      0.121960     10.901358      -0.046462       0.949272 
    9.597727      0.067085     10.900161      -0.047248       0.950043 
    9.554298      0.011763     10.899296      -0.047758       0.950466 
    9.511261      0.043841     10.898749      -0.047950       0.950511 
    9.468610      0.099553     10.898521      -0.047854       0.950141 
    9.426339      0.155196     10.898737      -0.047439       0.949452 
    9.384444      0.210589     10.899117      -0.046726       0.948449 
    9.342920      0.265549     10.899768      -0.045742       0.947146 
    9.301763      0.319890     10.900772      -0.044492       0.945560 
    9.260965      0.373424     10.901917      -0.043030       0.943720 
    9.220524      0.425964     10.903331      -0.041328       0.941659 
    9.180435      0.477317     10.904972      -0.039454       0.939387 
    9.140693      0.527296     10.906768      -0.037429       0.936982 
    9.101294      0.575713     10.908545      -0.035287       0.934455 
    9.062232      0.622380     10.910415      -0.033075       0.931827 
    9.023504      0.667114     10.912512      -0.030816       0.929152 
    8.985106      0.709733     10.914548      -0.028547       0.926485 
    8.947034      0.750061     10.916520      -0.026297       0.923884 
    8.909283      0.787925     10.918460      -0.024115       0.921399 
    8.871849      0.823160     10.920373      -0.022019       0.919075 
    8.834728      0.855605     10.921973      -0.020048       0.916952 
    8.797916      0.885108     10.923671      -0.018216       0.915122 
    8.761411      0.911525     10.925061      -0.016560       0.913570 
    8.725206      0.934720     10.926220      -0.015077       0.912313 
    8.689301      0.954568     10.927246      -0.013822       0.911362 
    8.653688      0.970954     10.928023      -0.012773       0.910717 
    8.618367      0.983774     10.928495      -0.011979       0.910375 
    8.583333      0.992937     10.928821      -0.011421       0.910330 
    8.548583      0.998363     10.928943      -0.011127       0.910571 
    8.514112      0.999989     10.928790      -0.011085       0.911085 
    8.479919      0.997761     10.928297      -0.011300       0.911857 
    8.446000      0.991645     10.927589      -0.011768       0.912849 
    8.412351      0.981618     10.926697      -0.012499       0.914013 
    8.378968      0.967676     10.925554      -0.013476       0.915372 
    8.345850      0.949829     10.924154      -0.014683       0.916893 
    8.312992      0.928103     10.922496      -0.016113       0.918528 
    8.280392      0.902545     10.920604      -0.017719       0.920218 
    8.248047      0.873214     10.918551      -0.019541       0.921941 
    8.215953      0.840190     10.916333      -0.021514       0.923673 
    8.184109      0.803568     10.914170      -0.023614       0.925388 
    8.152510      0.763463     10.911690      -0.025827       0.927046 
    8.121154      0.720005     10.909266      -0.028049       0.928578 
    8.090038      0.673340     10.906761      -0.030369       0.929999 
    8.059160      0.623636     10.904230      -0.032680       0.931286 
    8.028517      0.571074     10.901924      -0.034959       0.932423 
    7.998106      0.515850     10.899534      -0.037162       0.933413 
    7.967925      0.458181     10.897289      -0.039196       0.934231 
    7.937970      0.398291     10.895130      -0.041154       0.934852 
    7.908240      0.336425     10.893169      -0.042939       0.935257 
    7.878731      0.272839     10.891442      -0.044521       0.935438 
    7.849442      0.207801     10.889961      -0.045872       0.935423 
    7.820370      0.141595     10.888745      -0.046972       0.935204 
    7.791513      0.074507     10.887888      -0.047747       0.934785 
    7.762867      0.006842     10.887045      -0.048304       0.934183 
    7.734432      0.061095     10.886760      -0.048567       0.933419 
    7.706204      0.128989     10.886640      -0.048546       0.932523 
    7.678182      0.196514     10.886812      -0.048235       0.931532 
    7.650362      0.263354     10.887216      -0.047612       0.930448 
    7.622744      0.329174     10.887841      -0.046765       0.929277 
    7.595324      0.393652     10.888875      -0.045679       0.928037 
    7.568100      0.456459     10.890103      -0.044351       0.926747 
    7.541071      0.517274     10.891543      -0.042827       0.925419 
    7.514235      0.575777     10.893108      -0.041126       0.924066 
    7.487589      0.631651     10.894957      -0.039304       0.922697 
    7.461131      0.684595     10.896723      -0.037384       0.921317 
    7.434859      0.734312     10.898618      -0.035410       0.919930 
    7.408772      0.780520     10.900572      -0.033408       0.918562 
    7.382867      0.822948     10.902430      -0.031426       0.917248 
    7.357143      0.861340     10.904304      -0.029509       0.916050 
    7.331597      0.895458     10.905993      -0.027707       0.914963 
    7.306228      0.925084     10.907443      -0.026034       0.914001 
    7.281034      0.950018     10.908974      -0.024570       0.913231 
    7.256014      0.970081     10.910152      -0.023296       0.912697 
    7.231164      0.985121     10.911172      -0.022294       0.912446 
    7.206485      0.995007     10.911905      -0.021533       0.912514 
    7.181973      0.999636     10.912206      -0.021090       0.912924 
    7.157627      0.998931     10.912522      -0.020926       0.913675 
    7.133446      0.992845     10.912348      -0.021085       0.914795 
    7.109427      0.981358     10.911612      -0.021523       0.916388 
    7.085570      0.964481     10.911071      -0.022282       0.918353 
    7.061873      0.942255     10.909878      -0.023336       0.920653 
    7.038333      0.914751     10.908516      -0.024656       0.923224 
    7.014950      0.882074     10.907053      -0.026223       0.925989 
    6.991722      0.844359     10.905262      -0.027970       0.928853 
    6.968647      0.801769     10.903299      -0.029916       0.931714 
    6.945724      0.754503     10.901165      -0.031989       0.934456 
    6.922951      0.702786     10.899113      -0.034137       0.936965 
    6.900327      0.646876     10.897057      -0.036297       0.939281 
    6.877850      0.587057     10.894927      -0.038421       0.941167 
    6.855519      0.523641     10.892842      -0.040398       0.942556 
    6.833333      0.456972     10.890945      -0.042261       0.943358 
    6.811290      0.387408     10.889309      -0.043906       0.943501 
    6.789389      0.315340     10.888037      -0.045299       0.942931 
    6.767628      0.241173     10.887148      -0.046378       0.941628 
    6.746006      0.165335     10.886458      -0.047086       0.939602 
    6.724522      0.088275     10.886144      -0.047493       0.936855 
    6.703175      0.010444     10.886139      -0.047570       0.933419 
    6.681962      0.067682     10.886531      -0.047290       0.929250 
    6.660883      0.145630     10.887196      -0.046706       0.924413 
    6.639937      0.222912     10.888119      -0.045771       0.919079 
    6.619122      0.299036     10.889295      -0.044637       0.913356 
    6.598437      0.373521     10.890806      -0.043270       0.907360 
    6.577882      0.445875     10.892450      -0.041751       0.901211 
    6.557454      0.515627     10.894329      -0.040079       0.895027 
    6.537152      0.582305     10.896117      -0.038341       0.888923 
    6.516975      0.645451     10.897980      -0.036536       0.883011 
    6.496923      0.704630     10.899854      -0.034761       0.877370 
    6.476994      0.759420     10.901845      -0.033017       0.871982 
    6.457187      0.809428     10.903597      -0.031372       0.867027 
    6.437500      0.854281     10.905198      -0.029835       0.862547 
    6.417933      0.893638     10.906636      -0.028454       0.858551 
    6.398485      0.927190     10.908064      -0.027278       0.855008 
    6.379154      0.954664     10.909215      -0.026332       0.851843 
    6.359940      0.975822     10.910072      -0.025652       0.848969 
    6.340841      0.990467     10.910667      -0.025241       0.846380 
    6.321856      0.998443     10.911045      -0.025115       0.844081 
    6.302985      0.999641     10.911015      -0.025299       0.842056 
    6.284226      0.993994     10.910740      -0.025815       0.840322 
    6.265579      0.981483     10.910139      -0.026605       0.838785 
    6.247041      0.962138     10.909128      -0.027687       0.837411 
    6.228613      0.936037     10.908081      -0.029011       0.836176 
    6.210294      0.903307     10.906782      -0.030508       0.835067 
    6.192082      0.864124     10.905176      -0.032217       0.834082 
    6.173976      0.818713     10.903652      -0.034053       0.833226 
    6.155977      0.767348     10.901870      -0.035970       0.832512 
    6.138082      0.710346     10.900306      -0.037894       0.831918 
    6.120290      0.648075     10.898744      -0.039745       0.831497 
    6.102601      0.580945     10.897176      -0.041536       0.831262 
    6.085014      0.509404     10.895741      -0.043191       0.831221 
    6.067529      0.433944     10.894400      -0.044644       0.831372 
    6.050143      0.355087     10.893492      -0.045874       0.831707 
    6.032857      0.273393     10.892883      -0.046799       0.832209 
    6.015669      0.189450     10.892436      -0.047491       0.832851 
    5.998580      0.103864     10.892248      -0.047902       0.833574 
    5.981586      0.017274     10.892571      -0.048026       0.834125 
    5.964689      0.069679     10.892968      -0.047916       0.834494 
    5.947887      0.156331     10.893604      -0.047541       0.834606 
    5.931180      0.242014     10.894423      -0.047018       0.834413 
    5.914566      0.326066     10.895356      -0.046356       0.833902 
    5.898045      0.407820     10.896377      -0.045582       0.833086 
    5.881616      0.486623     10.897455      -0.044737       0.832003 
    5.865278      0.561839     10.898753      -0.043866       0.830711 
    5.849030      0.632842     10.899949      -0.042949       0.829281 
    5.832873      0.699046     10.901166      -0.042084       0.827787 
    5.816804      0.759882     10.902412      -0.041232       0.826229 
    5.800824      0.814828     10.903428      -0.040435       0.824753 
    5.784932      0.863394     10.904615      -0.039673       0.823371 
    5.769125      0.905143     10.905560      -0.038960       0.822123 
    5.753406      0.939682     10.906519      -0.038317       0.821095 
    5.737772      0.966676     10.907328      -0.037764       0.820349 
    5.722222      0.985847     10.908134      -0.037294       0.819932 
    5.706757      0.996977     10.908913      -0.036941       0.819883 
    5.691375      0.999914     10.909595      -0.036675       0.820237 
    5.676075      0.994572     10.910107      -0.036577       0.821171 
    5.660858      0.980934     10.910369      -0.036632       0.822700 
    5.645722      0.959051     10.910641      -0.036831       0.824755 
    5.630667      0.929048     10.910605      -0.037193       0.827335 
    5.615692      0.891116     10.910431      -0.037670       0.830410 
    5.600796      0.845522     10.910107      -0.038273       0.833920 
    5.585979      0.792600     10.909745      -0.038972       0.837783 
    5.571240      0.732747     10.909415      -0.039746       0.841903 
    5.556579      0.666436     10.909012      -0.040519       0.846190 
    5.541995      0.594188     10.908628      -0.041282       0.850567 
    5.527487      0.516593     10.908312      -0.041949       0.854937 
    5.513055      0.434295     10.908188      -0.042541       0.859331 
    5.498698      0.347980     10.908072      -0.042987       0.863650 
    5.484416      0.258390     10.908224      -0.043279       0.867856 
    5.470207      0.166289     10.908451      -0.043394       0.871891 
    5.456072      0.072487     10.909102      -0.043322       0.875643 
    5.442010      0.022186     10.909662      -0.043087       0.879010 
    5.428020      0.116885     10.910534      -0.042672       0.881885 
    5.414103      0.210747     10.911494      -0.042115       0.884149 
    5.400256      0.302917     10.912679      -0.041411       0.885584 
    5.386479      0.392539     10.913791      -0.040620       0.886183 
    5.372774      0.478767     10.915061      -0.039734       0.886016 
    5.359137      0.560787     10.916366      -0.038805       0.885069 
    5.345570      0.637804     10.917708      -0.037831       0.883329 
    5.332071      0.709069     10.919127      -0.036881       0.880778 
    5.318640      0.773871     10.920552      -0.035956       0.877498 
    5.305276      0.831561     10.921961      -0.035107       0.873707 
    5.291980      0.881541     10.923104      -0.034348       0.869582 
    5.278750      0.923283     10.924192      -0.033712       0.865389 
    5.265586      0.956334     10.925109      -0.033236       0.861144 
    5.252488      0.980317     10.925834      -0.032917       0.856985 
    5.239454      0.994940     10.926402      -0.032793       0.852984 
    5.226485      0.999997     10.926880      -0.032841       0.849234 
    5.213580      0.995375     10.927100      -0.033079       0.845823 
    5.200739      0.981052     10.927109      -0.033487       0.842832 
    5.187961      0.957104     10.927095      -0.034086       0.840329 
    5.175245      0.923701     10.926743      -0.034822       0.838376 
    5.162591      0.881110     10.926351      -0.035725       0.837020 
    5.150000      0.829693     10.926000      -0.036736       0.836400 
    5.137470      0.769901     10.925158      -0.037868       0.836523 
    5.125000      0.702282     10.924322      -0.039039       0.837224 
    5.112591      0.627459     10.923660      -0.040252       0.838457 
    5.100242      0.546143     10.923097      -0.041396       0.840168 
    5.087952      0.459117     10.922525      -0.042496       0.842307 
    5.075721      0.367227     10.922073      -0.043457       0.844821 
    5.063549      0.271386     10.921856      -0.044216       0.847577 
    5.051435      0.172550     10.921692      -0.044752       0.850356 
    5.039380      0.071721     10.922078      -0.044977       0.853080 
    5.027381      0.030065     10.922550      -0.044968       0.855483 
    5.015440      0.131761     10.923317      -0.044663       0.857524 
    5.003554      0.232295     10.924426      -0.044115       0.859039 
    4.991726      0.330611     10.925701      -0.043313       0.859843 
    4.979953      0.425651     10.927446      -0.042313       0.859683 
    4.968235      0.516391     10.929009      -0.041184       0.858264 
    4.956573      0.601841     10.930735      -0.039985       0.855245 
    4.944965      0.681046     10.932434      -0.038736       0.850348 
    4.933411      0.753125     10.934159      -0.037521       0.843626 
    4.921911      0.817249     10.935873      -0.036320       0.835146 
    4.910465      0.872682     10.937242      -0.035281       0.824890 
    4.899072      0.918761     10.938759      -0.034351       0.813009 
    4.887732      0.954925     10.940144      -0.033611       0.799630 
    4.876443      0.980719     10.941205      -0.033034       0.784939 
    4.865207      0.995791     10.942258      -0.032676       0.769187 
    4.854023      0.999911     10.943011      -0.032472       0.752693 
    4.842890      0.992963     10.943524      -0.032495       0.735830 
    4.831808      0.974957     10.943923      -0.032699       0.719006 
    4.820776      0.946024     10.944035      -0.033051       0.702554 
    4.809795      0.906426     10.944135      -0.033548       0.686837 
    4.798863      0.856538     10.944127      -0.034107       0.672287 
    4.787982      0.796866     10.943933      -0.034812       0.659233 
    4.777149      0.728029     10.943830      -0.035554       0.647928 
    4.766366      0.650755     10.943424      -0.036325       0.638552 
    4.755630      0.565878     10.943286      -0.037071       0.631230 
    4.744944      0.474329     10.943138      -0.037740       0.626004 
    4.734305      0.377123     10.943174      -0.038348       0.622824 
    4.723714      0.275359     10.943078      -0.038843       0.621539 
    4.713170      0.170186     10.943405      -0.039182       0.621546 
    4.702672      0.062823     10.943856      -0.039354       0.622325 
    4.692222      0.045494     10.944507      -0.039332       0.623364 
    4.681818      0.153485     10.945312      -0.039099       0.624096 
    4.671460      0.259878     10.946388      -0.038663       0.623885 
    4.661148      0.363397     10.947562      -0.038037       0.622060 
    4.650881      0.462790     10.948958      -0.037209       0.618049 
    4.640659      0.556846     10.950413      -0.036229       0.611506 
    4.630483      0.644401     10.952138      -0.035104       0.602378 
    4.620350      0.724363     10.954050      -0.033915       0.591168 
    4.610262      0.795719     10.955822      -0.032698       0.577607 
    4.600218      0.857552     10.957646      -0.031525       0.561931 
    4.590218      0.909051     10.959221      -0.030460       0.544507 
    4.580260      0.949526     10.960848      -0.029542       0.525822 
    4.570346      0.978417     10.961979      -0.028871       0.506469 
    4.560475      0.995300     10.963047      -0.028423       0.487117 
    4.550647      0.999897     10.963752      -0.028268       0.468472 
    4.540860      0.992080     10.964293      -0.028337       0.451234 
    4.531116      0.971877     10.964665      -0.028653       0.436422 
    4.521413      0.939469     10.964858      -0.029129       0.424293 
    4.511752      0.895194     10.964878      -0.029748       0.415392 
    4.502132      0.839548     10.964851      -0.030443       0.410049 
    4.492553      0.773167     10.964712      -0.031164       0.408447 
    4.483015      0.696840     10.964705      -0.031870       0.410626 
    4.473517      0.611480     10.964628      -0.032535       0.416486 
    4.464059      0.518132     10.964608      -0.033110       0.425774 
    4.454641      0.417957     10.964810      -0.033570       0.438019 
    4.445263      0.312203     10.965249      -0.033894       0.452524 
    4.435925      0.202216     10.965672      -0.034029       0.468541 
    4.426625      0.089397     10.966400      -0.033979       0.484898 
    4.417364      0.024794     10.967401      -0.033677       0.501237 
    4.408142      0.138867     10.968574      -0.033120       0.516750 
    4.398958      0.251325     10.969916      -0.032289       0.530626 
    4.389813      0.360671     10.971630      -0.031187       0.542021 
    4.380705      0.465445     10.973777      -0.029830       0.550103 
    4.371635      0.564225     10.976032      -0.028264       0.554476 
    4.362603      0.655663     10.978410      -0.026519       0.554956 
    4.353608      0.738496     10.980966      -0.024697       0.551371 
    4.344650      0.811561     10.983540      -0.022855       0.543930 
    4.335729      0.873823     10.985977      -0.021115       0.533301 
    4.326844      0.924380     10.988141      -0.019520       0.520047 
    4.317996      0.962484     10.990104      -0.018211       0.504884 
    4.309184      0.987549     10.991771      -0.017195       0.488632 
    4.300407      0.999162     10.993079      -0.016549       0.472161 
    4.291667      0.997092     10.993976      -0.016244       0.456342 
    4.282961      0.981296     10.994730      -0.016302       0.441996 
    4.274292      0.951919     10.995096      -0.016678       0.429457 
    4.265656      0.909297     10.995123      -0.017332       0.419701 
    4.257056      0.853955     10.994858      -0.018208       0.413155 
    4.248491      0.786597     10.994447      -0.019238       0.410230 
    4.239960      0.708108     10.994126      -0.020381       0.411110 
    4.231463      0.619528     10.993795      -0.021558       0.415817 
    4.223000      0.522058     10.993304      -0.022736       0.424219 
    4.214571      0.417037     10.993023      -0.023804       0.436061 
    4.206175      0.305909     10.992780      -0.024726       0.450939 
    4.197813      0.190237     10.992857      -0.025396       0.468054 
    4.189484      0.071645     10.993204      -0.025753       0.486453 
    4.181188      0.048179     10.993680      -0.025764       0.505212 
    4.172925      0.167508     10.994934      -0.025356       0.523133 
    4.164694      0.284623     10.996365      -0.024584       0.539243 
    4.156496      0.397805     10.998363      -0.023397       0.552638 
    4.148330      0.505398     11.000566      -0.021912       0.562934 
    4.140196      0.605792     11.003036      -0.020172       0.569895 
    4.132094      0.697489     11.005732      -0.018300       0.573473 
    4.124023      0.779090     11.008301      -0.016382       0.573811 
    4.115984      0.849345     11.010791      -0.014506       0.571316 
    4.107976      0.907157     11.013254      -0.012802       0.566600 
    4.100000      0.951603     11.015574      -0.011323       0.559910 
    4.092054      0.981958     11.017400      -0.010223       0.551914 
    4.084139      0.997695     11.019004      -0.009461       0.543332 
    4.076255      0.998508     11.019914      -0.009157       0.534888 
    4.068401      0.984310     11.020666      -0.009265       0.527270 
    4.060577      0.955242     11.020923      -0.009818       0.521095 
    4.052783      0.911669     11.020532      -0.010799       0.516876 
    4.045019      0.854184     11.020118      -0.012127       0.515010 
    4.037285      0.783598     11.019302      -0.013709       0.516191 
    4.029580      0.700918     11.018331      -0.015398       0.520229 
    4.021905      0.607363     11.017462      -0.017073       0.527167 
    4.014258      0.504314     11.016709      -0.018539       0.536866 
    4.006641      0.393316     11.016420      -0.019689       0.549089 
    3.999053      0.276054     11.016575      -0.020317       0.563463 
    3.991493      0.154326     11.017260      -0.020367       0.579241 
    3.983962      0.029991     11.018877      -0.019703       0.595694 
    3.976460      0.095010     11.020902      -0.018378       0.612092 
    3.968985      0.218718     11.023810      -0.016382       0.627865 
    3.961539      0.339185     11.027092      -0.013830       0.642164 
    3.954120      0.454478     11.030788      -0.010852       0.654553 
    3.946729      0.562766     11.034821      -0.007614       0.664824 
    3.939366      0.662291     11.038771      -0.004312       0.672885 
    3.932030      0.751420     11.042761      -0.001102       0.678779 
    3.924721      0.828682     11.046509       0.001819       0.682677 
    3.917440      0.892779     11.049785       0.004354       0.684862 
    3.910185      0.942625     11.052674       0.006344       0.685706 
    3.902957      0.977346     11.054932       0.007763       0.686119 
    3.895756      0.996310     11.056495       0.008514       0.686183 
    3.888582      0.999135     11.057347       0.008608       0.686063 
    3.881434      0.985703     11.057518       0.008040       0.686520 
    3.874312      0.956155     11.057164       0.006817       0.687910 
    3.867216      0.910904     11.056301       0.005059       0.690528 
    3.860146      0.850617     11.054882       0.002799       0.694594 
    3.853102      0.776225     11.053293       0.000239       0.700251 
    3.846084      0.688897     11.051353      -0.002499       0.707573 
    3.839091      0.590010     11.049501      -0.005184       0.716568 
    3.832124      0.481164     11.047915      -0.007656       0.727264 
    3.825181      0.364130     11.046616      -0.009724       0.739401 
    3.818264      0.240837     11.045810      -0.011264       0.752924 
    3.811372      0.113311     11.045772      -0.012173       0.767551 
    3.804504      0.016308     11.046375      -0.012395       0.782807 
    3.797662      0.145849     11.047643      -0.011943       0.798246 
    3.790844      0.273110     11.049423      -0.010854       0.813452 
    3.784050      0.395915     11.052115      -0.009232       0.828061 
    3.777281      0.512167     11.054938      -0.007152       0.841784 
    3.770536      0.619840     11.058091      -0.004830       0.854321 
    3.763815      0.717053     11.061500      -0.002349       0.865127 
    3.757118      0.802088     11.064711       0.000065       0.874321 
    3.750444      0.873423     11.067826       0.002308       0.881695 
    3.743794      0.929772     11.070494       0.004217       0.887070 
    3.737168      0.970086     11.072829       0.005651       0.890298 
    3.730565      0.993597     11.074528       0.006562       0.891263 
    3.723986      0.999820     11.075578       0.006819       0.889875 
    3.717430      0.988573     11.075984       0.006469       0.886080 
    3.710896      0.959976     11.076072       0.005458       0.879852 
    3.704386      0.914457     11.075395       0.003894       0.871796 
    3.697898      0.852747     11.074121       0.001848       0.861448 
    3.691434      0.775868     11.072701      -0.000510       0.849003 
    3.684991      0.685126     11.071251      -0.003024       0.834665 
    3.678571      0.582063     11.069616      -0.005484       0.818707 
    3.672174      0.468473     11.068181      -0.007703       0.801485 
    3.665799      0.346343     11.067136      -0.009518       0.783422 
    3.659446      0.217826     11.066807      -0.010796       0.764999 
    3.653114      0.085221     11.066939      -0.011475       0.746717 
    3.646805      0.049112     11.067824      -0.011532       0.729064 
    3.640517      0.182747     11.069182      -0.011029       0.712618 
    3.634251      0.313254     11.071126      -0.010033       0.697944 
    3.628007      0.438242     11.073380      -0.008652       0.685237 
    3.621784      0.555399     11.075914      -0.007039       0.674600 
    3.615582      0.662568     11.078486      -0.005293       0.666025 
    3.609402      0.757733     11.081121      -0.003571       0.659393 
    3.603242      0.839088     11.083591      -0.002005       0.654473 
    3.597104      0.905078     11.085823      -0.000681       0.650936 
    3.590986      0.954419     11.087714       0.000252       0.648919 
    3.584890      0.986128     11.089088       0.000782       0.647575 
    3.578814      0.999543     11.090096       0.000795       0.646003 
    3.572758      0.994337     11.090508       0.000341       0.644129 
    3.566723      0.970533     11.090325      -0.000598       0.641400 
    3.560708      0.928504     11.089911      -0.001969       0.637309 
    3.554714      0.868962     11.089296      -0.003622       0.631428 
    3.548739      0.792961     11.088270      -0.005614       0.623444 
    3.542785      0.701870     11.087010      -0.007684       0.613193 
    3.536851      0.597357     11.085784      -0.009870       0.600687 
    3.530936      0.481363     11.084704      -0.011942       0.586198 
    3.525042      0.356035     11.083611      -0.013875       0.570176 
    3.519167      0.223744     11.082764      -0.015567       0.553135 
    3.513311      0.086987     11.082401      -0.016866       0.535717 
    3.507475      0.051617     11.082386      -0.017807       0.518940 
    3.501658      0.189401     11.082873      -0.018209       0.503859 
    3.495861      0.323716     11.083783      -0.018245       0.491330 
    3.490083      0.451942     11.085340      -0.017753       0.481742 
    3.484324      0.571563     11.087046      -0.016974       0.475340 
    3.478583      0.680220     11.088879      -0.015901       0.472166 
    3.472862      0.775739     11.091068      -0.014711       0.471968 
    3.467159      0.856216     11.093165      -0.013554       0.474864 
    3.461475      0.920007     11.095178      -0.012483       0.480422 
    3.455810      0.965791     11.097047      -0.011695       0.488044 
    3.450163      0.992595     11.098363      -0.011185       0.497004 
    3.444535      0.999820     11.099443      -0.011077       0.506479 
    3.438925      0.987245     11.100183      -0.011308       0.515602 
    3.433333      0.955044     11.100391      -0.011943       0.523504 
    3.427760      0.903783     11.100570      -0.012871       0.529368 
    3.422204      0.834417     11.100054      -0.014115       0.532088 
    3.416667      0.748260     11.099806      -0.015513       0.531566 
    3.411147      0.646976     11.099173      -0.017058       0.527607 
    3.405645      0.532553     11.098653      -0.018565       0.520380 
    3.400161      0.407246     11.098166      -0.019989       0.510338 
    3.394695      0.273559     11.097937      -0.021190       0.498179 
    3.389246      0.134149     11.097788      -0.022112       0.484772 
    3.383814      0.008157     11.098101      -0.022735       0.471267 
    3.378400      0.150474     11.098985      -0.022991       0.459161 
    3.373003      0.289896     11.100098      -0.022937       0.448765 
    3.367624      0.423546     11.101414      -0.022579       0.441496 
    3.362261      0.548674     11.103015      -0.021998       0.437507 
    3.356916      0.662670     11.104753      -0.021249       0.436969 
    3.351587      0.763140     11.106405      -0.020422       0.439833 
    3.346276      0.847952     11.108244      -0.019556       0.445823 
    3.340981      0.915292     11.109940      -0.018781       0.454444 
    3.335703      0.963701     11.111618      -0.018102       0.465015 
    3.330442      0.992100     11.113066      -0.017655       0.476717 
    3.325197      0.999822     11.114343      -0.017405       0.488650 
    3.319968      0.986629     11.115346      -0.017438       0.499367 
    3.314757      0.952726     11.116087      -0.017755       0.508613 
    3.309561      0.898748     11.116418      -0.018333       0.515229 
    3.304382      0.825762     11.116607      -0.019141       0.518619 
    3.299219      0.735240     11.116636      -0.020099       0.518417 
    3.294072      0.629038     11.116523      -0.021144       0.514527 
    3.288941      0.509363     11.116560      -0.022202       0.507138 
    3.283826      0.378703     11.116562      -0.023200       0.496714 
    3.278727      0.239810     11.116617      -0.024071       0.483945 
    3.273643      0.095627     11.117018      -0.024786       0.469447 
    3.268576      0.050777     11.117418      -0.025284       0.455022 
    3.263524      0.196249     11.118049      -0.025567       0.441449 
    3.258488      0.337676     11.119163      -0.025588       0.429739 
    3.253467      0.471979     11.120420      -0.025375       0.420596 
    3.248461      0.596227     11.121808      -0.024948       0.414511 
    3.243472      0.707690     11.123381      -0.024361       0.411726 
    3.238497      0.803894     11.125070      -0.023716       0.412236 
    3.233537      0.882705     11.126712      -0.023097       0.415797 
    3.228593      0.942331     11.128171      -0.022622       0.421698 
    3.223664      0.981404     11.129457      -0.022382       0.429374 
    3.218750      0.998994     11.130380      -0.022408       0.438379 
    3.213851      0.994641     11.131220      -0.022761       0.447494 
    3.208966      0.968366     11.131598      -0.023375       0.455877 
    3.204097      0.920674     11.131743      -0.024216       0.462781 
    3.199242      0.852549     11.131868      -0.025189       0.467630 
    3.194402      0.765432     11.131857      -0.026223       0.470093 
    3.189577      0.661205     11.131696      -0.027240       0.470119 
    3.184766      0.542118     11.131750      -0.028196       0.467952 
    3.179970      0.410790     11.131976      -0.029034       0.464130 
    3.175188      0.270120     11.132336      -0.029747       0.459336 
    3.170420      0.123233     11.132961      -0.030302       0.454231 
    3.165667      0.026578     11.133525      -0.030696       0.449593 
    3.160928      0.175966     11.134333      -0.030934       0.446226 
    3.156203      0.321543     11.135351      -0.030960       0.444103 
    3.151493      0.460001     11.136476      -0.030817       0.443094 
    3.146796      0.588168     11.137922      -0.030434       0.443492 
    3.142113      0.703113     11.139570      -0.029903       0.445488 
    3.137444      0.802158     11.141389      -0.029216       0.449106 
    3.132789      0.882994     11.143098      -0.028460       0.454259 
    3.128148      0.943709     11.144953      -0.027725       0.460529 
    3.123521      0.982843     11.146523      -0.027084       0.467509 
    3.118907      0.999432     11.147996      -0.026650       0.474790 
    3.114307      0.993016     11.149111      -0.026441       0.482015 
    3.109720      0.963670     11.150228      -0.026480       0.488906 
    3.105147      0.911997     11.151099      -0.026690       0.495238 
    3.100587      0.839131     11.151917      -0.027043       0.500807 
    3.096041      0.746689     11.152601      -0.027452       0.505406 
    3.091508      0.636759     11.153411      -0.027834       0.508643 
    3.086988      0.511860     11.154022      -0.028207       0.510586 
    3.082482      0.374856     11.154844      -0.028457       0.511116 
    3.077988      0.228938     11.155548      -0.028630       0.509888 
    3.073508      0.077478     11.156657      -0.028728       0.506382 
    3.069041      0.075963     11.157622      -0.028734       0.500105 
    3.064586      0.227770     11.158846      -0.028673       0.491309 
    3.060145      0.374353     11.160074      -0.028509       0.480263 
    3.055716      0.512216     11.161242      -0.028287       0.467208 
    3.051301      0.638077     11.162786      -0.027999       0.453164 
    3.046898      0.748896     11.164319      -0.027685       0.438520 
    3.042507      0.841985     11.165345      -0.027394       0.423599 
    3.038130      0.915063     11.166828      -0.027150       0.408468 
    3.033764      0.966321     11.167961      -0.027063       0.393074 
    3.029412      0.994468     11.169011      -0.027088       0.377327 
    3.025072      0.998752     11.170004      -0.027257       0.361167 
    3.020744      0.978997     11.170954      -0.027510       0.344588 
    3.016428      0.935607     11.171753      -0.027781       0.327692 
    3.012125      0.869562     11.172468      -0.028017       0.311387 
    3.007835      0.782386     11.173411      -0.028146       0.295189 
    3.003556      0.676136     11.174743      -0.028112       0.279283 
    2.999290      0.553335     11.175941      -0.027917       0.263411 
    2.995035      0.416928     11.177319      -0.027562       0.247530 
    2.990793      0.270217     11.179026      -0.027145       0.231566 
    2.986563      0.116739     11.180611      -0.026711       0.215419 
    2.982345      0.039749     11.181993      -0.026332       0.199307 
    2.978138      0.195419     11.183330      -0.026063       0.183559 
    2.973944      0.346433     11.184523      -0.025881       0.168474 
    2.969761      0.489040     11.185669      -0.025817       0.154151 
    2.965590      0.619715     11.186941      -0.025755       0.140035 
    2.961431      0.735176     11.188195      -0.025689       0.126194 
    2.957283      0.832512     11.189584      -0.025536       0.112922 
    2.953147      0.909250     11.190940      -0.025310       0.100691 
    2.949022      0.963419     11.192339      -0.025021       0.090001 
    2.944909      0.993605     11.193603      -0.024714       0.081275 
    2.940808      0.998981     11.194994      -0.024466       0.074739 
    2.936718      0.979339     11.196512      -0.024294       0.070405 
    2.932639      0.935102     11.197471      -0.024254       0.068419 
    2.928571      0.867315     11.198598      -0.024315       0.067612 
    2.924515      0.777611     11.199547      -0.024485       0.068070 
    2.920470      0.668193     11.200543      -0.024717       0.069275 
    2.916436      0.541775     11.201409      -0.025006       0.070861 
    2.912414      0.401511     11.202135      -0.025325       0.072690 
    2.908402      0.250932     11.202891      -0.025657       0.074873 
    2.904402      0.093822     11.203677      -0.026015       0.077673 
    2.900412      0.065828     11.204418      -0.026377       0.080777 
    2.896433      0.223945     11.205222      -0.026744       0.083245 
    2.892466      0.376473     11.206265      -0.027076       0.083944 
    2.888509      0.519506     11.207025      -0.027384       0.081451 
    2.884563      0.649330     11.207966      -0.027621       0.075751 
    2.880628      0.762576     11.208964      -0.027810       0.067248 
    2.876703      0.856277     11.209874      -0.027954       0.056238 
    2.872789      0.927957     11.210950      -0.028026       0.042853 
    2.868886      0.975706     11.212122      -0.028141       0.027109 
    2.864993      0.998218     11.213144      -0.028198       0.008970 
    2.861111      0.994841     11.214213      -0.028331      -0.011452 
    2.857239      0.965588     11.215256      -0.028458      -0.034505 
    2.853378      0.911160     11.216322      -0.028588      -0.059269 
    2.849528      0.832894     11.217386      -0.028718      -0.084563 
    2.845687      0.732785     11.218421      -0.028761      -0.109320 
    2.841857      0.613393     11.219476      -0.028800      -0.132539 
    2.838038      0.477793     11.220712      -0.028758      -0.153437 
    2.834228      0.329527     11.222062      -0.028728      -0.171612 
    2.830429      0.172438     11.223285      -0.028644      -0.187142 
    2.826640      0.010661     11.224522      -0.028569      -0.200406 
    2.822861      0.151541     11.225883      -0.028457      -0.211712 
    2.819092      0.309874     11.227088      -0.028327      -0.220983 
    2.815333      0.460114     11.228479      -0.028163      -0.228208 
    2.811584      0.598269     11.229877      -0.027969      -0.233288 
    2.807846      0.720628     11.231127      -0.027811      -0.236548 
    2.804117      0.823874     11.232428      -0.027674      -0.238461 
    2.800398      0.905206     11.233847      -0.027640      -0.239350 
    2.796689      0.962384     11.234974      -0.027661      -0.239324 
    2.792989      0.993822     11.236226      -0.027773      -0.238328 
    2.789300      0.998603     11.237156      -0.027894      -0.236214 
    2.785620      0.976530     11.238232      -0.028006      -0.233619 
    2.781950      0.928129     11.239436      -0.028012      -0.229646 
    2.778290      0.854644     11.240653      -0.027880      -0.224988 
    2.774639      0.757988     11.242158      -0.027572      -0.219961 
    2.770997      0.640720     11.243949      -0.027075      -0.215037 
    2.767366      0.505974     11.245774      -0.026478      -0.210884 
    2.763743      0.357369     11.247659      -0.025789      -0.208530 
    2.760131      0.198914     11.249646      -0.025141      -0.208114 
    2.756527      0.034899     11.251305      -0.024609      -0.209541 
    2.752934      0.130205     11.253018      -0.024251      -0.213217 
    2.749349      0.291883     11.254292      -0.024156      -0.217686 
    2.745774      0.445702     11.255360      -0.024239      -0.222347 
    2.742208      0.587402     11.256310      -0.024542      -0.226111 
    2.738651      0.713081     11.257190      -0.024908      -0.227939 
    2.735104      0.819225     11.258075      -0.025296      -0.227764 
    2.731565      0.902855     11.258994      -0.025592      -0.225460 
    2.728036      0.961611     11.260041      -0.025741      -0.220946 
    2.724516      0.993801     11.261354      -0.025778      -0.214302 
    2.721005      0.998470     11.262672      -0.025652      -0.205782 
    2.717503      0.975420     11.264090      -0.025473      -0.194687 
    2.714010      0.925224     11.265571      -0.025186      -0.181858 
    2.710526      0.849214     11.267140      -0.024916      -0.168269 
    2.707051      0.749454     11.268665      -0.024627      -0.154184 
    2.703585      0.628669     11.270240      -0.024378      -0.139667 
    2.700128      0.490189     11.271668      -0.024186      -0.124567 
    2.696679      0.337853     11.273170      -0.024026      -0.108782 
    2.693240      0.175914     11.274444      -0.023975      -0.092345 
    2.689809      0.008903     11.275752      -0.023956      -0.076052 
    2.686387      0.158493     11.276823      -0.024023      -0.060689 
    2.682973      0.321554     11.277987      -0.024104      -0.046434 
    2.679569      0.475652     11.279263      -0.024209      -0.034440 
    2.676172      0.616399     11.280371      -0.024301      -0.024839 
    2.672785      0.739794     11.281702      -0.024347      -0.017759 
    2.669406      0.842278     11.283044      -0.024335      -0.013200 
    2.666035      0.920893     11.284320      -0.024258      -0.010544 
    2.662673      0.973337     11.285889      -0.024131      -0.009201 
    2.659320      0.998059     11.287172      -0.023994      -0.008530 
    2.655975      0.994288     11.288559      -0.023829      -0.007849 
    2.652638      0.962064     11.289881      -0.023764      -0.006478 
    2.649310      0.902247     11.291258      -0.023772      -0.004372 
    2.645990      0.816490     11.292453      -0.023917       0.000054 
    2.642678      0.707205     11.293473      -0.024215       0.007486 
    2.639375      0.577479     11.294462      -0.024613       0.018513 
    2.636080      0.431000     11.295113      -0.025165       0.032665 
    2.632793      0.271966     11.295809      -0.025785       0.049180 
    2.629514      0.104953     11.296515      -0.026419       0.067427 
    2.626244      0.065217     11.297180      -0.027008       0.087039 
    2.622981      0.233631     11.298106      -0.027444       0.107509 
    2.619727      0.395386     11.298986      -0.027753       0.128406 
    2.616481      0.545753     11.300225      -0.027878       0.149013 
    2.613243      0.680332     11.301713      -0.027826       0.168120 
    2.610012      0.795153     11.303228      -0.027639       0.184085 
    2.606790      0.886830     11.304811      -0.027373       0.195958 
    2.603576      0.952622     11.306396      -0.027128       0.203284 
    2.600369      0.990545     11.308064      -0.026904       0.206272 
    2.597171      0.999424     11.309332      -0.026789       0.205779 
    2.593980      0.978938     11.310675      -0.026712       0.201749 
    2.590798      0.929623     11.312245      -0.026650       0.195451 
    2.587623      0.852871     11.313691      -0.026618       0.187449 
    2.584455      0.750890     11.315164      -0.026482       0.177862 
    2.581296      0.626641     11.316459      -0.026357       0.166633 
    2.578144      0.483763     11.318053      -0.026190       0.154104 
    2.575000      0.326430     11.319613      -0.026069       0.140777 
    2.571864      0.159297     11.320935      -0.026030       0.127992 
    2.568735      0.012682     11.322333      -0.026011       0.117042 
    2.565614      0.184412     11.323707      -0.026009       0.108905 
    2.562500      0.350749     11.325173      -0.025962       0.105152 
    2.559394      0.506745     11.326672      -0.025846       0.105032 
    2.556295      0.647694     11.328290      -0.025659       0.107816 
    2.553204      0.769351     11.329906      -0.025417       0.112307 
    2.550121      0.868029     11.331470      -0.025165       0.117384 
    2.547045      0.940710     11.333055      -0.024959       0.123352 
    2.543976      0.985168     11.334652      -0.024836       0.129794 
    2.540915      0.999999     11.336029      -0.024855       0.136104 
    2.537861      0.984697     11.337121      -0.024963       0.141337 
    2.534814      0.939661     11.338266      -0.025167       0.143708 
    2.531775      0.866198     11.339460      -0.025405       0.143300 
    2.528743      0.766464     11.340494      -0.025592       0.139104 
    2.525718      0.643436     11.341917      -0.025766       0.131780 
    2.522700      0.500795     11.343227      -0.025760       0.122497 
    2.519690      0.342843     11.344566      -0.025689       0.112538 
    2.516686      0.174363     11.346210      -0.025447       0.102788 
    2.513690      0.000454     11.347886      -0.025095       0.093902 
    2.510702      0.173589     11.349646      -0.024672       0.086330 
    2.507720      0.342441     11.351468      -0.024156       0.081315 
    2.504745      0.500914     11.353290      -0.023661       0.078585 
    2.501777      0.644160     11.354967      -0.023176       0.077698 
    2.498816      0.767742     11.356849      -0.022798       0.079502 
    2.495863      0.867825     11.358457      -0.022533       0.083742 
    2.492916      0.941287     11.359957      -0.022403       0.090242 
    2.489976      0.985810     11.361283      -0.022413       0.098820 
    2.487044      0.999974     11.362546      -0.022501       0.107982 
    2.484118      0.983279     11.363711      -0.022639       0.116336 
    2.481199      0.936178     11.364717      -0.022747       0.122514 
    2.478286      0.860076     11.365840      -0.022790       0.124026 
    2.475381      0.757282     11.367305      -0.022712       0.122161 
    2.472482      0.630923     11.368810      -0.022520       0.117506 
    2.469591      0.484882     11.370459      -0.022205       0.111042 
    2.466706      0.323672     11.371992      -0.021812       0.103225 
    2.463827      0.152278     11.373616      -0.021385       0.094597 
    2.460956      0.023959     11.375272      -0.020994       0.085852 
    2.458091      0.199561     11.376941      -0.020671       0.077785 
    2.455233      0.369037     11.378457      -0.020457       0.071085 
    2.452381      0.527071     11.379761      -0.020351       0.067473 
    2.449536      0.668676     11.380930      -0.020295       0.064906 
    2.446697      0.789387     11.382185      -0.020292       0.063004 
    2.443866      0.885379     11.383557      -0.020240       0.060465 
    2.441041      0.953581     11.384844      -0.020155       0.056039 
    2.438222      0.991797     11.386291      -0.020030       0.050429 
    2.435410      0.998767     11.387564      -0.019886       0.043579 
    2.432604      0.974217     11.388965      -0.019805       0.034790 
    2.429804      0.918864     11.390176      -0.019784       0.023435 
    2.427011      0.834406     11.391339      -0.019866       0.010033 
    2.424225      0.723465     11.392377      -0.020007      -0.006268 
    2.421445      0.589513     11.393535      -0.020104      -0.022637 
    2.418671      0.436777     11.394513      -0.020159      -0.039564 
    2.415904      0.270051     11.395945      -0.019999      -0.056810 
    2.413143      0.094639     11.397455      -0.019739      -0.073654 
    2.410388      0.083892     11.399166      -0.019333      -0.089045 
    2.407640      0.259845     11.400767      -0.018848      -0.101829 
    2.404897      0.427597     11.402518      -0.018397      -0.110994 
    2.402162      0.581775     11.404035      -0.017970      -0.115806 
    2.399432      0.717421     11.405557      -0.017672      -0.115114 
    2.396708      0.830150     11.406882      -0.017463      -0.110697 
    2.393991      0.916310     11.408213      -0.017353      -0.101957 
    2.391280      0.973082     11.409458      -0.017285      -0.089913 
    2.388575      0.998598     11.410772      -0.017172      -0.075616 
    2.385876      0.991980     11.412107      -0.016928      -0.060824 
    2.383183      0.953389     11.413807      -0.016467      -0.048517 
    2.380496      0.884014     11.415769      -0.015736      -0.039989 
    2.377815      0.786052     11.418031      -0.014745      -0.035640 
    2.375141      0.662614     11.420298      -0.013558      -0.036220 
    2.372472      0.517659     11.422795      -0.012308      -0.041234 
    2.369809      0.355849     11.425053      -0.011164      -0.048905 
    2.367152      0.182407     11.427236      -0.010224      -0.059050 
    2.364502      0.002953     11.429114      -0.009559      -0.069938 
    2.361857      0.176695     11.430637      -0.009163      -0.079574 
    2.359218      0.350696     11.431998      -0.008945      -0.086035 
    2.356585      0.513358     11.433308      -0.008828      -0.087828 
    2.353958      0.659363     11.434529      -0.008688      -0.084223 
    2.351336      0.783906     11.435984      -0.008472      -0.075386 
    2.348721      0.882899     11.437505      -0.008093      -0.062380 
    2.346111      0.953055     11.439277      -0.007587      -0.047890 
    2.343507      0.992026     11.441105      -0.006960      -0.033047 
    2.340909      0.998489     11.442834      -0.006311      -0.019386 
    2.338317      0.972180     11.444654      -0.005738      -0.007082 
    2.335730      0.913913     11.446162      -0.005269       0.003166 
    2.333149      0.825554     11.447629      -0.005029       0.010896 
    2.330574      0.709966     11.448762      -0.004941       0.015720 
    2.328004      0.570927     11.449817      -0.005037       0.017072 
    2.325441      0.412969     11.450814      -0.005202       0.013598 
    2.322882      0.241299     11.451823      -0.005355       0.007242 
    2.320330      0.061559     11.452921      -0.005461      -0.001578 
    2.317783      0.120307     11.454069      -0.005442      -0.011731 
    2.315241      0.298264     11.455463      -0.005318      -0.021969 
    2.312705      0.466433     11.456823      -0.005069      -0.031079 
    2.310175      0.619196     11.458334      -0.004691      -0.038014 
    2.307650      0.751467     11.460013      -0.004178      -0.041998 
    2.305131      0.858804     11.461928      -0.003511      -0.042670 
    2.302617      0.937600     11.463892      -0.002667      -0.040267 
    2.300109      0.985191     11.465945      -0.001676      -0.038771 
    2.297606      0.999944     11.468145      -0.000575      -0.038565 
    2.295109      0.981315     11.470484       0.000630      -0.039777 
    2.292617      0.929878     11.472900       0.001819      -0.042720 
    2.290130      0.847318     11.475172       0.002951      -0.048073 
    2.287649      0.736338     11.477223       0.003952      -0.057016 
    2.285173      0.600627     11.479207       0.004736      -0.069629 
    2.282703      0.444704     11.480967       0.005278      -0.085111 
    2.280238      0.273770     11.482314       0.005575      -0.102064 
    2.277778      0.093565     11.483553       0.005620      -0.121414 
    2.275323      0.089878     11.484696       0.005558      -0.138386 
    2.272874      0.270376     11.485654       0.005378      -0.152284 
    2.270430      0.441850     11.486556       0.005250      -0.161883 
    2.267991      0.598494     11.487767       0.005206      -0.166245 
    2.265558      0.734987     11.488846       0.005280      -0.164807 
    2.263130      0.846713     11.490262       0.005484      -0.157537 
    2.260707      0.929844     11.491558       0.005680      -0.145138 
